<?xml version="1.0" encoding="UTF-8"?>
<!-- Generated by org.testng.reporters.JUnitXMLReporter -->
<testsuite ignored="0" hostname="LAPTOP-HRQP0RUN" failures="1" tests="1" name="Test" time="11.6" errors="0" timestamp="2022-08-01T18:00:17 CLT">
  <testcase classname="pom.test.inicioSesionTest" name="testInicioSesion" time="7.733">
    <failure type="java.lang.AssertionError" message="expected [Hello John Smith] but found [By.cssSelector: body &amp;gt; table:nth-child(4) &amp;gt; tbody &amp;gt; tr &amp;gt; td:nth-child(2) &amp;gt; div &amp;gt; h1]">
      <![CDATA[java.lang.AssertionError: expected [Hello John Smith] but found [By.cssSelector: body > table:nth-child(4) > tbody > tr > td:nth-child(2) > div > h1]
at pom.events.inicioSesion.inicioSesionPagina(inicioSesion.java:39)
at pom.test.inicioSesionTest.testInicioSesion(inicioSesionTest.java:32)
at java.base/java.util.ArrayList.forEach(ArrayList.java:1511)
... Removed 30 stack frames]]>
    </failure>
  </testcase> <!-- testInicioSesion -->
</testsuite> <!-- Test -->
